<?xml version="1.0" encoding="UTF-8"?>
<!-- Generated by org.testng.reporters.JUnitXMLReporter -->
<testsuite ignored="8" hostname="DESKTOP-HGCBC6I" failures="0" tests="0" name="grouprun" time="0.034" errors="0" timestamp="2024-05-18T17:46:18 IST">
  <testcase classname="autobots.buildframework.ItemspagevalidationTest" name="itemsPageWebTitleValidationTest" time="0.0">
    <ignored/>
  </testcase> <!-- itemsPageWebTitleValidationTest -->
  <testcase classname="autobots.buildframework.ItemspagevalidationTest" name="shoppingBagIconValidationTest" time="0.0">
    <ignored/>
  </testcase> <!-- shoppingBagIconValidationTest -->
  <testcase classname="autobots.buildframework.ItemspagevalidationTest" name="shoppingBagEmptyTextValidationTest" time="0.0">
    <ignored/>
  </testcase> <!-- shoppingBagEmptyTextValidationTest -->
  <testcase classname="autobots.buildframework.ItemspagevalidationTest" name="proceedToCartCheckOutText" time="0.0">
    <ignored/>
  </testcase> <!-- proceedToCartCheckOutText -->
  <testcase classname="autobots.buildframework.ItemspagevalidationTest" name="searchBarValidationTest" time="0.0">
    <ignored/>
  </testcase> <!-- searchBarValidationTest -->
  <testcase classname="autobots.buildframework.ItemspagevalidationTest" name="addToCartButtonTextValidationTest" time="0.0">
    <ignored/>
  </testcase> <!-- addToCartButtonTextValidationTest -->
  <testcase classname="autobots.buildframework.ItemspagevalidationTest" name="cgtLogoTextValidationTest" time="0.0">
    <ignored/>
  </testcase> <!-- cgtLogoTextValidationTest -->
  <testcase classname="autobots.buildframework.ItemspagevalidationTest" name="urlValidationTest" time="0.0">
    <ignored/>
  </testcase> <!-- urlValidationTest -->
</testsuite> <!-- grouprun -->
