<?xml version="1.0" encoding="UTF-8"?>
<!-- Generated by org.testng.reporters.JUnitXMLReporter -->
<testsuite ignored="5" hostname="DESKTOP-HGCBC6I" failures="0" tests="8" name="Test" time="64.108" errors="0" timestamp="2024-05-31T12:13:59 IST">
  <testcase classname="autobots.buildframework.ItemspagevalidationTest" name="addToCartButtonTextValidationTest" time="1.343"/>
  <testcase classname="autobots.buildframework.ItemspagevalidationTest" name="proceedToCartCheckOutText" time="1.06"/>
  <testcase classname="autobots.buildframework.ItemspagevalidationTest" name="searchBarValidationTest" time="0.747"/>
  <testcase classname="autobots.buildframework.ItemspagevalidationTest" name="searchButtonValidationTest" time="0.434"/>
  <testcase classname="autobots.buildframework.ItemspagevalidationTest" name="searchIteamAndAddToCartTest" time="1.194"/>
  <testcase classname="autobots.buildframework.ItemspagevalidationTest" name="shoopingBagItemsValidationTest" time="1.079"/>
  <testcase classname="autobots.buildframework.ItemspagevalidationTest" name="shoppingBagEmptyTextValidationTest" time="0.45"/>
  <testcase classname="autobots.buildframework.ItemspagevalidationTest" name="shoppingBagIconValidationTest" time="0.385"/>
  <testcase classname="autobots.buildframework.ItemspagevalidationTest" name="itemsPageWebTitleValidationTest" time="0.0">
    <ignored/>
  </testcase> <!-- itemsPageWebTitleValidationTest -->
  <testcase classname="autobots.buildframework.ItemspagevalidationTest" name="greenkartLogoTextValidationTest" time="0.0">
    <ignored/>
  </testcase> <!-- greenkartLogoTextValidationTest -->
  <testcase classname="autobots.buildframework.ItemspagevalidationTest" name="urlValidationTest" time="0.0">
    <ignored/>
  </testcase> <!-- urlValidationTest -->
  <testcase classname="autobots.buildframework.ItemspagevalidationTest" name="cgtLogoTextValidationTest" time="0.0">
    <ignored/>
  </testcase> <!-- cgtLogoTextValidationTest -->
  <testcase classname="autobots.buildframework.ItemspagevalidationTest" name="proceedToCartCheckOutTest" time="0.0">
    <ignored/>
  </testcase> <!-- proceedToCartCheckOutTest -->
</testsuite> <!-- Test -->
