<?xml version="1.0" encoding="UTF-8"?>
<!-- Generated by org.testng.reporters.JUnitXMLReporter -->
<testsuite ignored="0" hostname="DESKTOP-HGCBC6I" failures="0" tests="52" name="Test" time="430.456" errors="0" timestamp="2024-05-20T15:37:43 IST">
  <testcase classname="autobots.buildframework.ValidationsTest" name="cgtAcademySubTextValidationTest" time="0.092"/>
  <testcase classname="autobots.buildframework.ValidationsTest" name="cgtAcademyTextValidationTest" time="0.069"/>
  <testcase classname="autobots.buildframework.ValidationsTest" name="forgotPasswordTextValidationTest" time="0.06"/>
  <testcase classname="autobots.buildframework.ValidationsTest" name="signInButtonTextValidationTest" time="0.056"/>
  <testcase classname="autobots.buildframework.ValidationsTest" name="signinTextValidationTest" time="0.057"/>
  <testcase classname="autobots.buildframework.ValidationsTest" name="urlValidationTest" time="0.015"/>
  <testcase classname="autobots.buildframework.ValidationsTest" name="webpageTitleValidationTest" time="0.015"/>
  <testcase classname="autobots.buildframework.ValidationsTest" name="rememberUsernameCheckBoxUnchechValidationTest" time="0.05"/>
  <testcase classname="autobots.buildframework.ValidationsTest" name="rememberUsernameCheckBoxCheckValidationTest" time="0.166"/>
  <testcase classname="autobots.buildframework.ValidationsTest" name="iAgreeToTheTermsAndPrivacyPolicyCheckBoxUncheckValidationTest" time="0.057"/>
  <testcase classname="autobots.buildframework.ValidationsTest" name="iAgreeToTheTermsAndPrivacyPolicyCheckBoxCheckValidationTest" time="0.172"/>
  <testcase classname="autobots.buildframework.LoginpagevalidationsTest" name="alertValidationInvalidTest" time="1.711"/>
  <testcase classname="autobots.buildframework.LoginpagevalidationsTest" name="alertValidationTest" time="0.491"/>
  <testcase classname="autobots.buildframework.LoginpagevalidationsTest" name="loginValidation" time="0.48"/>
  <testcase classname="autobots.buildframework.LoginpagevalidationsTest" name="loginWithInvalidValidation" time="0.496"/>
  <testcase classname="autobots.buildframework.HomepagevalidationsTest" name="greenkartButtonTextValidationTest" time="0.549"/>
  <testcase classname="autobots.buildframework.HomepagevalidationsTest" name="homePageTextValidationTest" time="0.754"/>
  <testcase classname="autobots.buildframework.HomepagevalidationsTest" name="logoTextValidationTest" time="0.678"/>
  <testcase classname="autobots.buildframework.HomepagevalidationsTest" name="navigateGreenkatPage" time="0.685"/>
  <testcase classname="autobots.buildframework.HomepagevalidationsTest" name="urlValidationTest" time="0.611"/>
  <testcase classname="autobots.buildframework.HomepagevalidationsTest" name="webPageTitleValidationTest" time="0.567"/>
  <testcase classname="autobots.buildframework.HomepagevalidationsTest" name="welcomeTextValidationTest" time="0.684"/>
  <testcase classname="autobots.buildframework.ItemspagevalidationTest" name="addToCartButtonTextValidationTest" time="0.867"/>
  <testcase classname="autobots.buildframework.ItemspagevalidationTest" name="cgtLogoTextValidationTest" time="0.735"/>
  <testcase classname="autobots.buildframework.ItemspagevalidationTest" name="greenkartLogoTextValidationTest" time="0.804"/>
  <testcase classname="autobots.buildframework.ItemspagevalidationTest" name="itemsPageWebTitleValidationTest" time="1.031"/>
  <testcase classname="autobots.buildframework.ItemspagevalidationTest" name="proceedToCartCheckOutTest" time="1.991"/>
  <testcase classname="autobots.buildframework.ItemspagevalidationTest" name="proceedToCartCheckOutText" time="1.806"/>
  <testcase classname="autobots.buildframework.ItemspagevalidationTest" name="searchBarValidationTest" time="0.725"/>
  <testcase classname="autobots.buildframework.ItemspagevalidationTest" name="searchButtonValidationTest" time="0.696"/>
  <testcase classname="autobots.buildframework.ItemspagevalidationTest" name="searchIteamAndAddToCartTest" time="1.648"/>
  <testcase classname="autobots.buildframework.ItemspagevalidationTest" name="shoopingBagItemsValidationTest" time="1.913"/>
  <testcase classname="autobots.buildframework.ItemspagevalidationTest" name="shoppingBagEmptyTextValidationTest" time="0.795"/>
  <testcase classname="autobots.buildframework.ItemspagevalidationTest" name="shoppingBagIconValidationTest" time="0.698"/>
  <testcase classname="autobots.buildframework.ItemspagevalidationTest" name="urlValidationTest" time="0.668"/>
  <testcase classname="autobots.buildframework.CheckoutvalidationsTest" name="iteamslistvalidation" time="1.948"/>
  <testcase classname="autobots.buildframework.CheckoutvalidationsTest" name="priceListValidationWithTotalTest" time="1.959"/>
  <testcase classname="autobots.buildframework.CheckoutvalidationsTest" name="validationOfURL" time="1.816"/>
  <testcase classname="autobots.buildframework.CheckoutvalidationsTest" name="validationOfWebpageTitle" time="1.835"/>
  <testcase classname="autobots.buildframework.CheckoutvalidationsTest" name="cgtLogoTextValidation" time="1.847"/>
  <testcase classname="autobots.buildframework.CheckoutvalidationsTest" name="greenkartLogoTextValidation" time="1.877"/>
  <testcase classname="autobots.buildframework.CheckoutvalidationsTest" name="applyPromoCodeTest" time="2.046"/>
  <testcase classname="autobots.buildframework.CheckoutvalidationsTest" name="validationOfPlaceOrderButtonText" time="2.152"/>
  <testcase classname="autobots.buildframework.CheckoutvalidationsTest" name="navigateToPlaceOrderTest" time="4.31"/>
  <testcase classname="autobots.buildframework.CheckoutvalidationsTest" name="validationOfSuccessMessageText" time="4.202"/>
  <testcase classname="autobots.buildframework.CheckoutvalidationsTest" name="closePopupTest" time="4.343"/>
  <testcase classname="autobots.buildframework.OrderspagevalidationsTest" name="myOrdersListValidationTest" time="4.397"/>
  <testcase classname="autobots.buildframework.OrderspagevalidationsTest" name="navigateToHomePageTest" time="4.461"/>
  <testcase classname="autobots.buildframework.OrderspagevalidationsTest" name="validationOfGotoGreenkartText" time="4.437"/>
  <testcase classname="autobots.buildframework.OrderspagevalidationsTest" name="validationOfMyOrdersText" time="4.35"/>
  <testcase classname="autobots.buildframework.OrderspagevalidationsTest" name="validationOfURL" time="4.426"/>
  <testcase classname="autobots.buildframework.OrderspagevalidationsTest" name="validationOfWebpageTitle" time="9.3"/>
</testsuite> <!-- Test -->
