<?xml version="1.0" encoding="UTF-8"?>
<!-- Generated by org.testng.reporters.JUnitXMLReporter -->
<testsuite ignored="35" hostname="DESKTOP-HGCBC6I" failures="0" tests="17" name="Test" time="165.396" errors="0" timestamp="2024-05-20T15:53:22 IST">
  <testcase classname="autobots.buildframework.ValidationsTest" name="urlValidationTest" time="0.023"/>
  <testcase classname="autobots.buildframework.LoginpagevalidationsTest" name="loginValidation" time="1.714"/>
  <testcase classname="autobots.buildframework.HomepagevalidationsTest" name="greenkartButtonTextValidationTest" time="0.579"/>
  <testcase classname="autobots.buildframework.HomepagevalidationsTest" name="logoTextValidationTest" time="0.565"/>
  <testcase classname="autobots.buildframework.HomepagevalidationsTest" name="navigateGreenkatPage" time="0.761"/>
  <testcase classname="autobots.buildframework.ItemspagevalidationTest" name="greenkartLogoTextValidationTest" time="0.741"/>
  <testcase classname="autobots.buildframework.ItemspagevalidationTest" name="proceedToCartCheckOutTest" time="1.928"/>
  <testcase classname="autobots.buildframework.ItemspagevalidationTest" name="searchButtonValidationTest" time="0.383"/>
  <testcase classname="autobots.buildframework.ItemspagevalidationTest" name="searchIteamAndAddToCartTest" time="0.957"/>
  <testcase classname="autobots.buildframework.ItemspagevalidationTest" name="shoopingBagItemsValidationTest" time="1.976"/>
  <testcase classname="autobots.buildframework.CheckoutvalidationsTest" name="iteamslistvalidation" time="1.967"/>
  <testcase classname="autobots.buildframework.CheckoutvalidationsTest" name="applyPromoCodeTest" time="2.185"/>
  <testcase classname="autobots.buildframework.CheckoutvalidationsTest" name="navigateToPlaceOrderTest" time="4.248"/>
  <testcase classname="autobots.buildframework.CheckoutvalidationsTest" name="validationOfSuccessMessageText" time="4.305"/>
  <testcase classname="autobots.buildframework.CheckoutvalidationsTest" name="closePopupTest" time="4.371"/>
  <testcase classname="autobots.buildframework.OrderspagevalidationsTest" name="myOrdersListValidationTest" time="5.362"/>
  <testcase classname="autobots.buildframework.OrderspagevalidationsTest" name="navigateToHomePageTest" time="3.584"/>
  <testcase classname="autobots.buildframework.ValidationsTest" name="cgtAcademyTextValidationTest" time="0.0">
    <ignored/>
  </testcase> <!-- cgtAcademyTextValidationTest -->
  <testcase classname="autobots.buildframework.OrderspagevalidationsTest" name="validationOfWebpageTitle" time="0.0">
    <ignored/>
  </testcase> <!-- validationOfWebpageTitle -->
  <testcase classname="autobots.buildframework.ValidationsTest" name="signinTextValidationTest" time="0.0">
    <ignored/>
  </testcase> <!-- signinTextValidationTest -->
  <testcase classname="autobots.buildframework.LoginpagevalidationsTest" name="alertValidationInvalidTest" time="0.0">
    <ignored/>
  </testcase> <!-- alertValidationInvalidTest -->
  <testcase classname="autobots.buildframework.ItemspagevalidationTest" name="addToCartButtonTextValidationTest" time="0.0">
    <ignored/>
  </testcase> <!-- addToCartButtonTextValidationTest -->
  <testcase classname="autobots.buildframework.ValidationsTest" name="iAgreeToTheTermsAndPrivacyPolicyCheckBoxCheckValidationTest" time="0.0">
    <ignored/>
  </testcase> <!-- iAgreeToTheTermsAndPrivacyPolicyCheckBoxCheckValidationTest -->
  <testcase classname="autobots.buildframework.HomepagevalidationsTest" name="welcomeTextValidationTest" time="0.0">
    <ignored/>
  </testcase> <!-- welcomeTextValidationTest -->
  <testcase classname="autobots.buildframework.HomepagevalidationsTest" name="webPageTitleValidationTest" time="0.0">
    <ignored/>
  </testcase> <!-- webPageTitleValidationTest -->
  <testcase classname="autobots.buildframework.CheckoutvalidationsTest" name="validationOfURL" time="0.0">
    <ignored/>
  </testcase> <!-- validationOfURL -->
  <testcase classname="autobots.buildframework.ValidationsTest" name="webpageTitleValidationTest" time="0.0">
    <ignored/>
  </testcase> <!-- webpageTitleValidationTest -->
  <testcase classname="autobots.buildframework.HomepagevalidationsTest" name="urlValidationTest" time="0.0">
    <ignored/>
  </testcase> <!-- urlValidationTest -->
  <testcase classname="autobots.buildframework.CheckoutvalidationsTest" name="validationOfWebpageTitle" time="0.0">
    <ignored/>
  </testcase> <!-- validationOfWebpageTitle -->
  <testcase classname="autobots.buildframework.ValidationsTest" name="cgtAcademySubTextValidationTest" time="0.0">
    <ignored/>
  </testcase> <!-- cgtAcademySubTextValidationTest -->
  <testcase classname="autobots.buildframework.ValidationsTest" name="forgotPasswordTextValidationTest" time="0.0">
    <ignored/>
  </testcase> <!-- forgotPasswordTextValidationTest -->
  <testcase classname="autobots.buildframework.CheckoutvalidationsTest" name="greenkartLogoTextValidation" time="0.0">
    <ignored/>
  </testcase> <!-- greenkartLogoTextValidation -->
  <testcase classname="autobots.buildframework.OrderspagevalidationsTest" name="validationOfMyOrdersText" time="0.0">
    <ignored/>
  </testcase> <!-- validationOfMyOrdersText -->
  <testcase classname="autobots.buildframework.ValidationsTest" name="rememberUsernameCheckBoxUnchechValidationTest" time="0.0">
    <ignored/>
  </testcase> <!-- rememberUsernameCheckBoxUnchechValidationTest -->
  <testcase classname="autobots.buildframework.ValidationsTest" name="iAgreeToTheTermsAndPrivacyPolicyCheckBoxUncheckValidationTest" time="0.0">
    <ignored/>
  </testcase> <!-- iAgreeToTheTermsAndPrivacyPolicyCheckBoxUncheckValidationTest -->
  <testcase classname="autobots.buildframework.LoginpagevalidationsTest" name="loginWithInvalidValidation" time="0.0">
    <ignored/>
  </testcase> <!-- loginWithInvalidValidation -->
  <testcase classname="autobots.buildframework.HomepagevalidationsTest" name="homePageTextValidationTest" time="0.0">
    <ignored/>
  </testcase> <!-- homePageTextValidationTest -->
  <testcase classname="autobots.buildframework.ValidationsTest" name="rememberUsernameCheckBoxCheckValidationTest" time="0.0">
    <ignored/>
  </testcase> <!-- rememberUsernameCheckBoxCheckValidationTest -->
  <testcase classname="autobots.buildframework.ItemspagevalidationTest" name="proceedToCartCheckOutText" time="0.0">
    <ignored/>
  </testcase> <!-- proceedToCartCheckOutText -->
  <testcase classname="autobots.buildframework.OrderspagevalidationsTest" name="validationOfURL" time="0.0">
    <ignored/>
  </testcase> <!-- validationOfURL -->
  <testcase classname="autobots.buildframework.LoginpagevalidationsTest" name="alertValidationTest" time="0.0">
    <ignored/>
  </testcase> <!-- alertValidationTest -->
  <testcase classname="autobots.buildframework.ItemspagevalidationTest" name="itemsPageWebTitleValidationTest" time="0.0">
    <ignored/>
  </testcase> <!-- itemsPageWebTitleValidationTest -->
  <testcase classname="autobots.buildframework.CheckoutvalidationsTest" name="validationOfPlaceOrderButtonText" time="0.0">
    <ignored/>
  </testcase> <!-- validationOfPlaceOrderButtonText -->
  <testcase classname="autobots.buildframework.ItemspagevalidationTest" name="urlValidationTest" time="0.0">
    <ignored/>
  </testcase> <!-- urlValidationTest -->
  <testcase classname="autobots.buildframework.ItemspagevalidationTest" name="shoppingBagIconValidationTest" time="0.0">
    <ignored/>
  </testcase> <!-- shoppingBagIconValidationTest -->
  <testcase classname="autobots.buildframework.ItemspagevalidationTest" name="searchBarValidationTest" time="0.0">
    <ignored/>
  </testcase> <!-- searchBarValidationTest -->
  <testcase classname="autobots.buildframework.ValidationsTest" name="signInButtonTextValidationTest" time="0.0">
    <ignored/>
  </testcase> <!-- signInButtonTextValidationTest -->
  <testcase classname="autobots.buildframework.ItemspagevalidationTest" name="shoppingBagEmptyTextValidationTest" time="0.0">
    <ignored/>
  </testcase> <!-- shoppingBagEmptyTextValidationTest -->
  <testcase classname="autobots.buildframework.OrderspagevalidationsTest" name="validationOfGotoGreenkartText" time="0.0">
    <ignored/>
  </testcase> <!-- validationOfGotoGreenkartText -->
  <testcase classname="autobots.buildframework.CheckoutvalidationsTest" name="priceListValidationWithTotalTest" time="0.0">
    <ignored/>
  </testcase> <!-- priceListValidationWithTotalTest -->
  <testcase classname="autobots.buildframework.CheckoutvalidationsTest" name="cgtLogoTextValidation" time="0.0">
    <ignored/>
  </testcase> <!-- cgtLogoTextValidation -->
  <testcase classname="autobots.buildframework.ItemspagevalidationTest" name="cgtLogoTextValidationTest" time="0.0">
    <ignored/>
  </testcase> <!-- cgtLogoTextValidationTest -->
</testsuite> <!-- Test -->
