<?xml version="1.0" encoding="UTF-8"?>
<testng-results ignored="0" total="1" passed="1" failed="0" skipped="0">
  <reporter-output>
  </reporter-output>
  <suite started-at="2024-06-14T12:34:58 IST" name="Default suite" finished-at="2024-06-14T12:35:13 IST" duration-ms="15676">
    <groups>
    </groups>
    <test started-at="2024-06-14T12:34:58 IST" name="Default test" finished-at="2024-06-14T12:35:13 IST" duration-ms="15676">
      <class name="autobots.buildframework.ArraylistSplitCheck">
        <test-method is-config="true" signature="getLogin()[pri:0, instance:autobots.buildframework.ArraylistSplitCheck@cb0755b]" started-at="2024-06-14T12:34:58 IST" name="getLogin" finished-at="2024-06-14T12:35:06 IST" duration-ms="8315" status="PASS">
          <reporter-output>
          </reporter-output>
        </test-method> <!-- getLogin -->
        <test-method signature="shoopingBagItemsValidationTest()[pri:0, instance:autobots.buildframework.ArraylistSplitCheck@cb0755b]" started-at="2024-06-14T12:35:06 IST" name="shoopingBagItemsValidationTest" finished-at="2024-06-14T12:35:13 IST" duration-ms="6797" status="PASS">
          <reporter-output>
          </reporter-output>
        </test-method> <!-- shoopingBagItemsValidationTest -->
        <test-method is-config="true" signature="tearDown()[pri:0, instance:autobots.buildframework.ArraylistSplitCheck@cb0755b]" started-at="2024-06-14T12:35:13 IST" name="tearDown" finished-at="2024-06-14T12:35:13 IST" duration-ms="497" status="PASS">
          <reporter-output>
          </reporter-output>
        </test-method> <!-- tearDown -->
      </class> <!-- autobots.buildframework.ArraylistSplitCheck -->
    </test> <!-- Default test -->
  </suite> <!-- Default suite -->
</testng-results>
